<?xml version="1.0" encoding="UTF-8"?>
<!-- Generated by org.testng.reporters.JUnitXMLReporter -->
<testsuite ignored="0" hostname="DESKTOP-2IQ5PNU" failures="0" tests="4" name="Default test" time="1.64" errors="0" timestamp="2025-08-18T21:08:04 IST">
  <testcase classname="RestAssured_Practice.TestOnLocalHostApi" name="Get_Request_Test" time="1.449"/>
  <testcase classname="RestAssured_Practice.TestOnLocalHostApi" name="Post_Request_Test" time="0.044"/>
  <testcase classname="RestAssured_Practice.TestOnLocalHostApi" name="Put_Request_Test" time="0.078"/>
  <testcase classname="RestAssured_Practice.TestOnLocalHostApi" name="Delete_Request_Test" time="0.015"/>
</testsuite> <!-- Default test -->
